\BOOKMARK [0][]{ccover.0}{\376\377\116\055\145\207\134\001\227\142}{}% 1
\BOOKMARK [0][]{ecover.0}{\376\377\202\361\145\207\134\001\227\142}{}% 2
\BOOKMARK [0][]{Declaration.0}{\376\377\123\237\122\033\140\047\130\360\146\016}{}% 3
\BOOKMARK [0][]{Committee.0}{\376\377\173\124\217\251\131\324\124\130\117\032}{}% 4
\BOOKMARK [0][]{section*.3}{\376\377\144\130\000\040\211\201}{}% 5
\BOOKMARK [0][]{section*.4}{\376\377\000A\000b\000s\000t\000r\000a\000c\000t}{}% 6
\BOOKMARK [0][]{ccontents.0}{\376\377\166\356\137\125}{}% 7
\BOOKMARK [0][]{chapter.1}{\376\377\173\054\116\000\172\340\000\040\000\040\137\025\212\000}{}% 8
\BOOKMARK [1][-]{section.1.1}{\376\377\0001\000.\0001\000\040\225\356\230\230\116\313\176\315}{chapter.1}% 9
\BOOKMARK [1][-]{section.1.2}{\376\377\0001\000.\0002\000\040\170\024\172\166\163\260\162\266}{chapter.1}% 10
\BOOKMARK [1][-]{section.1.3}{\376\377\0001\000.\0003\000\040\147\054\145\207\135\345\117\134}{chapter.1}% 11
\BOOKMARK [0][]{chapter.2}{\376\377\173\054\116\214\172\340\000\040\000\040\121\306\131\007\135\345\117\134}{}% 12
\BOOKMARK [1][-]{section.2.1}{\376\377\0002\000.\0001\000\040\122\006\145\160\226\066\133\374\145\160}{chapter.2}% 13
\BOOKMARK [1][-]{section.2.2}{\376\377\0002\000.\0002\000\040\000T\000o\000e\000p\000l\000i\000t\000z\000\040\167\351\226\065\124\214\137\252\163\257\167\351\226\065\123\312\121\166\137\353\220\037\173\227\154\325}{chapter.2}% 14
\BOOKMARK [1][-]{section.2.3}{\376\377\0002\000.\0003\000\040\000T\000o\000e\000p\000l\000i\000t\000z\000\040\167\351\226\065\166\204\137\252\163\257\167\351\226\065\217\321\117\074}{chapter.2}% 15
\BOOKMARK [1][-]{section.2.4}{\376\377\0002\000.\0004\000\040\000T\000o\000e\000p\000l\000i\000t\000z\000\040\166\364\143\245\154\102\220\006}{chapter.2}% 16
\BOOKMARK [0][]{chapter.3}{\376\377\173\054\116\011\172\340\000\040\000\040\145\366\225\364\000-\172\172\225\364\122\006\145\160\226\066\142\151\145\143\145\271\172\013\166\204\145\160\120\074\171\273\145\143}{}% 17
\BOOKMARK [1][-]{section.3.1}{\376\377\0003\000.\0001\000\040\147\011\226\120\135\356\122\006\171\273\145\143}{chapter.3}% 18
\BOOKMARK [1][-]{section.3.2}{\376\377\0003\000.\0002\000\040\116\343\145\160\145\271\172\013\176\304\166\204\176\323\147\204}{chapter.3}% 19
\BOOKMARK [0][]{chapter.4}{\376\377\173\054\126\333\172\340\000\040\000\040\145\366\225\364\000-\172\172\225\364\122\006\145\160\226\066\142\151\145\143\145\271\172\013\166\204\230\204\131\004\164\006\145\271\154\325}{}% 20
\BOOKMARK [1][-]{section.4.1}{\376\377\0004\000.\0001\000\040\137\252\163\257\167\351\226\065\217\321\117\074\230\204\131\004\164\006\145\271\154\325}{chapter.4}% 21
\BOOKMARK [1][-]{section.4.2}{\376\377\0004\000.\0002\000\040\127\372\116\216\000T\000o\000e\000p\000l\000i\000t\000z\000\040\154\102\220\006\166\204\127\127\133\371\211\322\230\204\131\004\164\006}{chapter.4}% 22
\BOOKMARK [1][-]{section.4.3}{\376\377\0004\000.\0003\000\040\127\372\116\216\137\252\163\257\217\321\117\074\166\204\116\244\146\377\145\271\124\021\230\204\131\004\164\006}{chapter.4}% 23
\BOOKMARK [1][-]{section.4.4}{\376\377\0004\000.\0004\000\040\127\372\116\216\000\040\000T\000e\000o\000p\000l\000i\000t\000z\000\040\166\364\143\245\154\102\220\006\166\204\116\244\146\377\145\271\124\021\230\204\131\004\164\006}{chapter.4}% 24
\BOOKMARK [0][]{chapter.5}{\376\377\173\054\116\224\172\340\000\040\000\040\140\073\176\323\116\016\134\125\147\033}{}% 25
\BOOKMARK [0][]{chapter*.19}{\376\377\123\302\200\003\145\207\163\056}{}% 26
\BOOKMARK [0][]{chapter*.20}{\376\377\201\364\214\042}{}% 27
